mode: set
github.com/odetolakehinde/drift-checker/cmd/root.go:19.12,29.38 1 0
github.com/odetolakehinde/drift-checker/cmd/root.go:29.38,34.23 3 0
github.com/odetolakehinde/drift-checker/cmd/root.go:34.23,37.19 3 0
github.com/odetolakehinde/drift-checker/cmd/root.go:37.19,39.6 1 0
github.com/odetolakehinde/drift-checker/cmd/root.go:43.4,44.29 2 0
github.com/odetolakehinde/drift-checker/cmd/root.go:44.29,46.19 2 0
github.com/odetolakehinde/drift-checker/cmd/root.go:46.19,48.6 1 0
github.com/odetolakehinde/drift-checker/cmd/root.go:49.5,49.45 1 0
github.com/odetolakehinde/drift-checker/cmd/root.go:53.4,54.23 2 0
github.com/odetolakehinde/drift-checker/cmd/root.go:54.23,57.5 1 0
github.com/odetolakehinde/drift-checker/cmd/root.go:58.4,64.18 4 0
github.com/odetolakehinde/drift-checker/cmd/root.go:64.18,66.5 1 0
github.com/odetolakehinde/drift-checker/cmd/root.go:69.4,70.35 2 0
github.com/odetolakehinde/drift-checker/cmd/root.go:70.35,72.19 2 0
github.com/odetolakehinde/drift-checker/cmd/root.go:72.19,74.14 2 0
github.com/odetolakehinde/drift-checker/cmd/root.go:76.5,76.46 1 0
github.com/odetolakehinde/drift-checker/cmd/root.go:105.4,108.35 2 0
github.com/odetolakehinde/drift-checker/cmd/root.go:108.35,110.5 1 0
github.com/odetolakehinde/drift-checker/cmd/root.go:112.4,112.14 1 0
github.com/odetolakehinde/drift-checker/cmd/root.go:116.2,116.41 1 0
github.com/odetolakehinde/drift-checker/cmd/root.go:116.41,119.3 2 0
github.com/odetolakehinde/drift-checker/cmd/root.go:123.48,126.16 3 0
github.com/odetolakehinde/drift-checker/cmd/root.go:126.16,128.3 1 0
github.com/odetolakehinde/drift-checker/cmd/root.go:129.2,129.38 1 0
github.com/odetolakehinde/drift-checker/main.go:5.13,7.2 1 0
github.com/odetolakehinde/drift-checker/pkg/common/helper.go:10.34,11.14 1 1
github.com/odetolakehinde/drift-checker/pkg/common/helper.go:11.14,13.3 1 1
github.com/odetolakehinde/drift-checker/pkg/common/helper.go:15.2,15.11 1 1
github.com/odetolakehinde/drift-checker/pkg/common/helper.go:19.43,21.2 1 0
github.com/odetolakehinde/drift-checker/pkg/common/helper.go:23.65,24.23 1 1
github.com/odetolakehinde/drift-checker/pkg/common/helper.go:24.23,26.3 1 1
github.com/odetolakehinde/drift-checker/pkg/common/helper.go:27.2,28.28 2 1
github.com/odetolakehinde/drift-checker/pkg/common/helper.go:28.28,30.3 1 1
github.com/odetolakehinde/drift-checker/pkg/common/helper.go:31.2,31.13 1 1
github.com/odetolakehinde/drift-checker/pkg/common/helper.go:35.66,37.43 2 1
github.com/odetolakehinde/drift-checker/pkg/common/helper.go:37.43,38.29 1 1
github.com/odetolakehinde/drift-checker/pkg/common/helper.go:38.29,39.50 1 1
github.com/odetolakehinde/drift-checker/pkg/common/helper.go:39.50,44.5 1 1
github.com/odetolakehinde/drift-checker/pkg/common/helper.go:48.2,48.15 1 1
github.com/odetolakehinde/drift-checker/pkg/common/helper.go:52.62,54.54 2 1
github.com/odetolakehinde/drift-checker/pkg/common/helper.go:54.54,55.28 1 1
github.com/odetolakehinde/drift-checker/pkg/common/helper.go:55.28,57.4 1 1
github.com/odetolakehinde/drift-checker/pkg/common/helper.go:59.2,59.15 1 1
github.com/odetolakehinde/drift-checker/pkg/common/helper.go:63.55,65.42 2 1
github.com/odetolakehinde/drift-checker/pkg/common/helper.go:65.42,66.25 1 1
github.com/odetolakehinde/drift-checker/pkg/common/helper.go:66.25,68.4 1 1
github.com/odetolakehinde/drift-checker/pkg/common/helper.go:70.2,70.15 1 1
github.com/odetolakehinde/drift-checker/pkg/common/helper.go:73.41,74.35 1 1
github.com/odetolakehinde/drift-checker/pkg/common/helper.go:74.35,76.3 1 1
github.com/odetolakehinde/drift-checker/pkg/common/helper.go:77.2,77.11 1 1
github.com/odetolakehinde/drift-checker/pkg/common/helper.go:80.37,81.31 1 1
github.com/odetolakehinde/drift-checker/pkg/common/helper.go:81.31,83.3 1 1
github.com/odetolakehinde/drift-checker/pkg/common/helper.go:84.2,84.14 1 1
github.com/odetolakehinde/drift-checker/pkg/common/helper.go:88.44,89.17 1 1
github.com/odetolakehinde/drift-checker/pkg/common/helper.go:89.17,91.3 1 1
github.com/odetolakehinde/drift-checker/pkg/common/helper.go:92.2,94.29 3 1
github.com/odetolakehinde/drift-checker/pkg/common/helper.go:94.29,95.56 1 1
github.com/odetolakehinde/drift-checker/pkg/common/helper.go:95.56,97.4 1 1
github.com/odetolakehinde/drift-checker/pkg/common/helper.go:100.2,100.15 1 1
github.com/odetolakehinde/drift-checker/pkg/common/helper.go:104.43,106.28 2 1
github.com/odetolakehinde/drift-checker/pkg/common/helper.go:106.28,108.3 1 1
github.com/odetolakehinde/drift-checker/pkg/common/helper.go:109.2,109.10 1 1
github.com/odetolakehinde/drift-checker/pkg/terraform/parser.go:13.79,15.16 2 1
github.com/odetolakehinde/drift-checker/pkg/terraform/parser.go:15.16,17.3 1 0
github.com/odetolakehinde/drift-checker/pkg/terraform/parser.go:19.2,20.53 2 1
github.com/odetolakehinde/drift-checker/pkg/terraform/parser.go:20.53,22.3 1 1
github.com/odetolakehinde/drift-checker/pkg/terraform/parser.go:24.2,26.38 2 1
github.com/odetolakehinde/drift-checker/pkg/terraform/parser.go:26.38,27.33 1 1
github.com/odetolakehinde/drift-checker/pkg/terraform/parser.go:27.33,28.12 1 1
github.com/odetolakehinde/drift-checker/pkg/terraform/parser.go:31.3,31.38 1 1
github.com/odetolakehinde/drift-checker/pkg/terraform/parser.go:31.38,53.4 3 1
github.com/odetolakehinde/drift-checker/pkg/terraform/parser.go:56.2,56.23 1 1
github.com/odetolakehinde/drift-checker/pkg/aws/ec2.go:19.87,21.16 2 0
github.com/odetolakehinde/drift-checker/pkg/aws/ec2.go:21.16,23.3 1 0
github.com/odetolakehinde/drift-checker/pkg/aws/ec2.go:25.2,26.55 2 0
github.com/odetolakehinde/drift-checker/pkg/aws/ec2.go:29.115,33.16 2 1
github.com/odetolakehinde/drift-checker/pkg/aws/ec2.go:33.16,35.3 1 1
github.com/odetolakehinde/drift-checker/pkg/aws/ec2.go:37.2,37.81 1 1
github.com/odetolakehinde/drift-checker/pkg/aws/ec2.go:37.81,39.3 1 1
github.com/odetolakehinde/drift-checker/pkg/aws/ec2.go:41.2,45.45 3 1
github.com/odetolakehinde/drift-checker/pkg/aws/ec2.go:45.45,46.24 1 0
github.com/odetolakehinde/drift-checker/pkg/aws/ec2.go:46.24,48.4 1 0
github.com/odetolakehinde/drift-checker/pkg/aws/ec2.go:52.2,53.36 2 1
github.com/odetolakehinde/drift-checker/pkg/aws/ec2.go:53.36,54.41 1 1
github.com/odetolakehinde/drift-checker/pkg/aws/ec2.go:54.41,56.4 1 1
github.com/odetolakehinde/drift-checker/pkg/aws/ec2.go:60.2,61.55 2 1
github.com/odetolakehinde/drift-checker/pkg/aws/ec2.go:61.55,63.56 2 1
github.com/odetolakehinde/drift-checker/pkg/aws/ec2.go:63.56,65.4 1 1
github.com/odetolakehinde/drift-checker/pkg/aws/ec2.go:66.3,66.32 1 1
github.com/odetolakehinde/drift-checker/pkg/aws/ec2.go:66.32,71.4 1 1
github.com/odetolakehinde/drift-checker/pkg/aws/ec2.go:75.2,76.82 2 1
github.com/odetolakehinde/drift-checker/pkg/aws/ec2.go:76.82,78.3 1 0
github.com/odetolakehinde/drift-checker/pkg/aws/ec2.go:81.2,82.67 2 1
github.com/odetolakehinde/drift-checker/pkg/aws/ec2.go:82.67,84.3 1 1
github.com/odetolakehinde/drift-checker/pkg/aws/ec2.go:87.2,88.77 2 1
github.com/odetolakehinde/drift-checker/pkg/aws/ec2.go:88.77,90.3 1 0
github.com/odetolakehinde/drift-checker/pkg/aws/ec2.go:92.2,112.21 2 1
github.com/odetolakehinde/drift-checker/pkg/engine/engine.go:18.103,24.43 2 1
github.com/odetolakehinde/drift-checker/pkg/engine/engine.go:24.43,26.3 1 1
github.com/odetolakehinde/drift-checker/pkg/engine/engine.go:28.2,28.42 1 1
github.com/odetolakehinde/drift-checker/pkg/engine/engine.go:28.42,29.55 1 1
github.com/odetolakehinde/drift-checker/pkg/engine/engine.go:29.55,34.4 1 1
github.com/odetolakehinde/drift-checker/pkg/engine/engine.go:38.2,49.76 10 1
github.com/odetolakehinde/drift-checker/pkg/engine/engine.go:49.76,51.3 1 1
github.com/odetolakehinde/drift-checker/pkg/engine/engine.go:54.2,54.38 1 1
github.com/odetolakehinde/drift-checker/pkg/engine/engine.go:54.38,59.33 5 1
github.com/odetolakehinde/drift-checker/pkg/engine/engine.go:59.33,61.4 1 0
github.com/odetolakehinde/drift-checker/pkg/engine/engine.go:65.2,65.44 1 1
github.com/odetolakehinde/drift-checker/pkg/engine/engine.go:65.44,70.35 5 1
github.com/odetolakehinde/drift-checker/pkg/engine/engine.go:70.35,72.4 1 1
github.com/odetolakehinde/drift-checker/pkg/engine/engine.go:75.2,76.15 2 1
github.com/odetolakehinde/drift-checker/pkg/engine/engine.go:80.142,87.37 5 1
github.com/odetolakehinde/drift-checker/pkg/engine/engine.go:87.37,89.3 1 1
github.com/odetolakehinde/drift-checker/pkg/engine/engine.go:92.2,92.39 1 1
github.com/odetolakehinde/drift-checker/pkg/engine/engine.go:92.39,94.10 2 1
github.com/odetolakehinde/drift-checker/pkg/engine/engine.go:94.10,106.12 2 0
github.com/odetolakehinde/drift-checker/pkg/engine/engine.go:109.3,110.65 2 1
github.com/odetolakehinde/drift-checker/pkg/engine/engine.go:110.65,114.4 3 1
github.com/odetolakehinde/drift-checker/pkg/engine/engine.go:118.2,118.12 1 1
github.com/odetolakehinde/drift-checker/pkg/engine/engine.go:118.12,121.3 2 1
github.com/odetolakehinde/drift-checker/pkg/engine/engine.go:124.2,124.27 1 1
github.com/odetolakehinde/drift-checker/pkg/engine/engine.go:124.27,126.3 1 1
github.com/odetolakehinde/drift-checker/pkg/engine/engine.go:128.2,128.16 1 1
github.com/odetolakehinde/drift-checker/pkg/engine/engine.go:131.63,132.12 1 1
github.com/odetolakehinde/drift-checker/pkg/engine/engine.go:132.12,135.44 3 1
github.com/odetolakehinde/drift-checker/pkg/engine/engine.go:135.44,137.4 1 0
github.com/odetolakehinde/drift-checker/pkg/engine/engine.go:138.3,138.9 1 1
github.com/odetolakehinde/drift-checker/pkg/engine/engine.go:142.2,147.27 5 1
github.com/odetolakehinde/drift-checker/pkg/engine/engine.go:147.27,150.3 2 1
github.com/odetolakehinde/drift-checker/pkg/engine/engine.go:152.2,155.46 3 1
github.com/odetolakehinde/drift-checker/pkg/engine/engine.go:155.46,160.3 4 1
github.com/odetolakehinde/drift-checker/pkg/engine/engine.go:163.63,166.27 3 1
github.com/odetolakehinde/drift-checker/pkg/engine/engine.go:166.27,168.3 1 1
github.com/odetolakehinde/drift-checker/pkg/engine/engine.go:169.2,171.12 3 1
github.com/odetolakehinde/drift-checker/pkg/engine/engine.go:174.37,190.2 9 1
